make --dry-run --always-make --keep-going --print-directory
make: Entering directory `/Users/yismaili/Desktop/Minishell'
echo /Users/yismaili
echo "\033[1;32mCOMPILING\033[0m builtins.c"
gcc  -Wall -Werror -Wextra -g -fsanitize=address  -c builtins.c -o builtins.o
echo /Users/yismaili
echo "\033[1;32mCOMPILING\033[0m create_env.c"
gcc  -Wall -Werror -Wextra -g -fsanitize=address  -c create_env.c -o create_env.o
echo /Users/yismaili
echo "\033[1;32mCOMPILING\033[0m ft_exit.c"
gcc  -Wall -Werror -Wextra -g -fsanitize=address  -c ft_exit.c -o ft_exit.o
echo /Users/yismaili
echo "\033[1;32mCOMPILING\033[0m ft_unset.c"
gcc  -Wall -Werror -Wextra -g -fsanitize=address  -c ft_unset.c -o ft_unset.o
echo /Users/yismaili
echo "\033[1;32mCOMPILING\033[0m initial_path.c"
gcc  -Wall -Werror -Wextra -g -fsanitize=address  -c initial_path.c -o initial_path.o
echo /Users/yismaili
echo "\033[1;32mCOMPILING\033[0m main.c"
gcc  -Wall -Werror -Wextra -g -fsanitize=address  -c main.c -o main.o
echo /Users/yismaili
echo "\033[1;32mCOMPILING\033[0m run_commande.c"
gcc  -Wall -Werror -Wextra -g -fsanitize=address  -c run_commande.c -o run_commande.o
echo /Users/yismaili
echo "\033[1;32mCOMPILING\033[0m divise_commande.c"
gcc  -Wall -Werror -Wextra -g -fsanitize=address  -c divise_commande.c -o divise_commande.o
echo /Users/yismaili
echo "\033[1;32mCOMPILING\033[0m arguments.c"
gcc  -Wall -Werror -Wextra -g -fsanitize=address  -c arguments.c -o arguments.o
echo /Users/yismaili
echo "\033[1;32mCOMPILING\033[0m arguments_utils.c"
gcc  -Wall -Werror -Wextra -g -fsanitize=address  -c arguments_utils.c -o arguments_utils.o
echo /Users/yismaili
echo "\033[1;32mCOMPILING\033[0m ft_env.c"
gcc  -Wall -Werror -Wextra -g -fsanitize=address  -c ft_env.c -o ft_env.o
echo /Users/yismaili
echo "\033[1;32mCOMPILING\033[0m ft_export.c"
gcc  -Wall -Werror -Wextra -g -fsanitize=address  -c ft_export.c -o ft_export.o
echo /Users/yismaili
echo "\033[1;32mCOMPILING\033[0m ft_cd.c"
gcc  -Wall -Werror -Wextra -g -fsanitize=address  -c ft_cd.c -o ft_cd.o
echo /Users/yismaili
echo "\033[1;32mCOMPILING\033[0m ft_pwd.c"
gcc  -Wall -Werror -Wextra -g -fsanitize=address  -c ft_pwd.c -o ft_pwd.o
echo /Users/yismaili
echo "\033[1;32mCOMPILING\033[0m ft_echo.c"
gcc  -Wall -Werror -Wextra -g -fsanitize=address  -c ft_echo.c -o ft_echo.o
echo /Users/yismaili
echo "\033[1;32mCOMPILING\033[0m output_input.c"
gcc  -Wall -Werror -Wextra -g -fsanitize=address  -c output_input.c -o output_input.o
echo /Users/yismaili
echo "\033[1;32mCOMPILING\033[0m leaks.c"
gcc  -Wall -Werror -Wextra -g -fsanitize=address  -c leaks.c -o leaks.o
echo /Users/yismaili
echo "\033[1;32mCOMPILING\033[0m execution.c"
gcc  -Wall -Werror -Wextra -g -fsanitize=address  -c execution.c -o execution.o
echo /Users/yismaili
echo "\033[1;32mCOMPILING\033[0m tools.c"
gcc  -Wall -Werror -Wextra -g -fsanitize=address  -c tools.c -o tools.o
echo /Users/yismaili
echo "\033[1;32mCOMPILING\033[0m split_arg.c"
gcc  -Wall -Werror -Wextra -g -fsanitize=address  -c split_arg.c -o split_arg.o
echo /Users/yismaili
echo "\033[1;32mCOMPILING\033[0m creat_env_fun.c"
gcc  -Wall -Werror -Wextra -g -fsanitize=address  -c creat_env_fun.c -o creat_env_fun.o
echo /Users/yismaili
echo "\033[1;32mCOMPILING\033[0m export_tools.c"
gcc  -Wall -Werror -Wextra -g -fsanitize=address  -c export_tools.c -o export_tools.o
echo /Users/yismaili
echo "\033[1;32mCOMPILING\033[0m herDoc_tools.c"
gcc  -Wall -Werror -Wextra -g -fsanitize=address  -c herDoc_tools.c -o herDoc_tools.o
echo /Users/yismaili
echo "\033[1;32mCOMPILING\033[0m divise_commandes_tools.c"
gcc  -Wall -Werror -Wextra -g -fsanitize=address  -c divise_commandes_tools.c -o divise_commandes_tools.o
echo /Users/yismaili
echo "\033[1;32mCOMPILING\033[0m arguments_tools.c"
gcc  -Wall -Werror -Wextra -g -fsanitize=address  -c arguments_tools.c -o arguments_tools.o
make -C libft
gcc builtins.o create_env.o ft_exit.o ft_unset.o initial_path.o main.o run_commande.o divise_commande.o arguments.o arguments_utils.o ft_env.o ft_export.o ft_cd.o ft_pwd.o ft_echo.o output_input.o leaks.o execution.o tools.o split_arg.o creat_env_fun.o export_tools.o herDoc_tools.o divise_commandes_tools.o arguments_tools.o -lreadline  -L /Users/yismaili/goinfre/.brew/opt/readline/lib  -I /Users/yismaili/goinfre/.brew/opt/readline/include/readline/ libft/libft.a -Wall -Werror -Wextra -g -fsanitize=address -o minishell
echo "\033[0;34m"
echo "███╗░░░███╗██╗███╗░░██╗██╗░██████╗██╗░░██╗███████╗██╗░░░░░██╗░░░░░"
echo "████╗░████║██║████╗░██║██║██╔════╝██║░░██║██╔════╝██║░░░░░██║░░░░░"
echo "██╔████╔██║██║██╔██╗██║██║╚█████╗░███████║█████╗░░██║░░░░░██║░░░░░"
echo "██║╚██╔╝██║██║██║╚████║██║░╚═══██╗██╔══██║██╔══╝░░██║░░░░░██║░░░░░"
echo "██║░╚═╝░██║██║██║░╚███║██║██████╔╝██║░░██║███████╗███████╗███████╗"
echo "╚═╝░░░░░╚═╝╚═╝╚═╝░░╚══╝╚═╝╚═════╝░╚═╝░░╚═╝╚══════╝╚══════╝╚══════╝ \033[0mBY \033[1;31myismaili && souchen"
make: Leaving directory `/Users/yismaili/Desktop/Minishell'
 
